<?xml version="1.0" encoding="UTF-8"?>
<testsuite xmlns:xsi="http://www.w3.org/2001/XMLSchema-instance" xsi:noNamespaceSchemaLocation="https://maven.apache.org/surefire/maven-surefire-plugin/xsd/surefire-test-report-3.0.xsd" version="3.0" name="com.airportpooling.ridepooling.RidePoolingIntegrationTest" time="1.887" tests="12" errors="0" skipped="0" failures="0">
  <properties>
[...]
</properties>
  <testcase name="seededCabsAreAvailable" classname="com.airportpooling.ridepooling.RidePoolingIntegrationTest" time="0.263">
    <system-out><![CDATA[05:32:16.550 [main] INFO org.springframework.test.context.support.AnnotationConfigContextLoaderUtils -- Could not detect default configuration classes for test class [com.airportpooling.ridepooling.RidePoolingIntegrationTest]: RidePoolingIntegrationTest does not declare any static, non-private, non-final, nested classes annotated with @Configuration.
05:32:16.580 [main] INFO org.springframework.boot.test.context.SpringBootTestContextBootstrapper -- Found @SpringBootConfiguration com.airportpooling.ridepooling.RidePoolingApplication for test class com.airportpooling.ridepooling.RidePoolingIntegrationTest

  .   ____          _            __ _ _
 /\\ / ___'_ __ _ _(_)_ __  __ _ \ \ \ \
( ( )\___ | '_ | '_| | '_ \/ _` | \ \ \ \
 \\/  ___)| |_)| | | | | || (_| |  ) ) ) )
  '  |____| .__|_| |_|_| |_\__, | / / / /
 =========|_|==============|___/=/_/_/_/
 :: Spring Boot ::                (v3.2.2)

2026-08-24T05:32:16.679+05:30  INFO 4788 --- [ride-pooling] [           main] c.a.r.RidePoolingIntegrationTest         : Starting RidePoolingIntegrationTest using Java 26.0.1 with PID 4788 (started by anweshpatnaik in /Users/anweshpatnaik/Downloads/Airport-Cab-Pooling--main)
2026-08-24T05:32:16.680+05:30  INFO 4788 --- [ride-pooling] [           main] c.a.r.RidePoolingIntegrationTest         : No active profile set, falling back to 1 default profile: "default"
2026-08-24T05:32:16.881+05:30  INFO 4788 --- [ride-pooling] [           main] .s.d.r.c.RepositoryConfigurationDelegate : Bootstrapping Spring Data JPA repositories in DEFAULT mode.
2026-08-24T05:32:16.896+05:30  INFO 4788 --- [ride-pooling] [           main] .s.d.r.c.RepositoryConfigurationDelegate : Finished Spring Data repository scanning in 12 ms. Found 4 JPA repository interfaces.
2026-08-24T05:32:17.019+05:30  INFO 4788 --- [ride-pooling] [           main] o.hibernate.jpa.internal.util.LogHelper  : HHH000204: Processing PersistenceUnitInfo [name: default]
2026-08-24T05:32:17.034+05:30  INFO 4788 --- [ride-pooling] [           main] org.hibernate.Version                    : HHH000412: Hibernate ORM core version 6.4.1.Final
2026-08-24T05:32:17.041+05:30  INFO 4788 --- [ride-pooling] [           main] o.h.c.internal.RegionFactoryInitiator    : HHH000026: Second-level cache disabled
2026-08-24T05:32:17.107+05:30  INFO 4788 --- [ride-pooling] [           main] o.s.o.j.p.SpringPersistenceUnitInfo      : No LoadTimeWeaver setup: ignoring JPA class transformer
2026-08-24T05:32:17.119+05:30  INFO 4788 --- [ride-pooling] [           main] com.zaxxer.hikari.HikariDataSource       : HikariPool-1 - Starting...
2026-08-24T05:32:17.167+05:30  INFO 4788 --- [ride-pooling] [           main] com.zaxxer.hikari.pool.HikariPool        : HikariPool-1 - Added connection conn0: url=jdbc:h2:mem:testdb user=SA
2026-08-24T05:32:17.168+05:30  INFO 4788 --- [ride-pooling] [           main] com.zaxxer.hikari.HikariDataSource       : HikariPool-1 - Start completed.
2026-08-24T05:32:17.174+05:30  WARN 4788 --- [ride-pooling] [           main] org.hibernate.orm.deprecation            : HHH90000025: H2Dialect does not need to be specified explicitly using 'hibernate.dialect' (remove the property setting and it will be selected by default)
2026-08-24T05:32:17.429+05:30  INFO 4788 --- [ride-pooling] [           main] o.h.e.t.j.p.i.JtaPlatformInitiator       : HHH000489: No JTA platform available (set 'hibernate.transaction.jta.platform' to enable JTA platform integration)
Hibernate: create table booking (id bigint generated by default as identity, dest_lat float(53), dest_lng float(53), price float(53), requested_luggage integer, requested_seats integer, source_lat float(53), source_lng float(53), status varchar(255) check (status in ('PENDING','CONFIRMED','CANCELLED','COMPLETED')), passenger_id bigint, ride_id bigint, primary key (id))
Hibernate: create table cab (id bigint generated by default as identity, driver_name varchar(255), license_plate varchar(255), luggage_capacity integer not null check (luggage_capacity>=0), status varchar(255) check (status in ('AVAILABLE','BUSY','OFFLINE')), total_seats integer not null check (total_seats>=1), version bigint, primary key (id))
Hibernate: create table passenger (id bigint generated by default as identity, detour_tolerance float(53), email varchar(255), name varchar(255), primary key (id))
Hibernate: create table ride (id bigint generated by default as identity, status varchar(255) check (status in ('CREATED','ONGOING','COMPLETED','CANCELLED')), total_deviation float(53), total_distance float(53), cab_id bigint, primary key (id))
Hibernate: alter table if exists booking add constraint FKabxd6qpdfkp11yan46jj1td90 foreign key (passenger_id) references passenger
Hibernate: alter table if exists booking add constraint FKi6kug5ypjl0acgkujpasf0lag foreign key (ride_id) references ride
Hibernate: alter table if exists ride add constraint FKt2boxsl4x1ofbnlg6nb6j8sxt foreign key (cab_id) references cab
2026-08-24T05:32:17.448+05:30  INFO 4788 --- [ride-pooling] [           main] j.LocalContainerEntityManagerFactoryBean : Initialized JPA EntityManagerFactory for persistence unit 'default'
2026-08-24T05:32:17.650+05:30  WARN 4788 --- [ride-pooling] [           main] JpaBaseConfiguration$JpaWebConfiguration : spring.jpa.open-in-view is enabled by default. Therefore, database queries may be performed during view rendering. Explicitly configure spring.jpa.open-in-view to disable this warning
2026-08-24T05:32:17.797+05:30  INFO 4788 --- [ride-pooling] [           main] o.s.b.a.h2.H2ConsoleAutoConfiguration    : H2 console available at '/h2-console'. Database available at 'jdbc:h2:mem:testdb'
2026-08-24T05:32:17.812+05:30  INFO 4788 --- [ride-pooling] [           main] o.s.b.t.m.w.SpringBootMockServletContext : Initializing Spring TestDispatcherServlet ''
2026-08-24T05:32:17.812+05:30  INFO 4788 --- [ride-pooling] [           main] o.s.t.web.servlet.TestDispatcherServlet  : Initializing Servlet ''
2026-08-24T05:32:17.812+05:30  INFO 4788 --- [ride-pooling] [           main] o.s.t.web.servlet.TestDispatcherServlet  : Completed initialization in 0 ms
2026-08-24T05:32:17.820+05:30  INFO 4788 --- [ride-pooling] [           main] c.a.r.RidePoolingIntegrationTest         : Started RidePoolingIntegrationTest in 1.209 seconds (process running for 1.469)
Hibernate: insert into passenger (detour_tolerance,email,name,id) values (?,?,?,default)
Hibernate: insert into passenger (detour_tolerance,email,name,id) values (?,?,?,default)
Hibernate: insert into cab (driver_name,license_plate,luggage_capacity,status,total_seats,version,id) values (?,?,?,?,?,?,default)
Hibernate: insert into cab (driver_name,license_plate,luggage_capacity,status,total_seats,version,id) values (?,?,?,?,?,?,default)
Hibernate: select c1_0.id,c1_0.driver_name,c1_0.license_plate,c1_0.luggage_capacity,c1_0.status,c1_0.total_seats,c1_0.version from cab c1_0
]]></system-out>
    <system-err><![CDATA[WARNING: A Java agent has been loaded dynamically (/Users/anweshpatnaik/.m2/repository/net/bytebuddy/byte-buddy-agent/1.14.11/byte-buddy-agent-1.14.11.jar)
WARNING: If a serviceability tool is in use, please run with -XX:+EnableDynamicAgentLoading to hide this warning
WARNING: If a serviceability tool is not in use, please run with -Djdk.instrument.traceUsage for more information
WARNING: Dynamic loading of agents will be disallowed by default in a future release
]]></system-err>
  </testcase>
  <testcase name="cabRegistrationValidationAndDuplicates" classname="com.airportpooling.ridepooling.RidePoolingIntegrationTest" time="0.028">
    <system-out><![CDATA[Hibernate: select c1_0.id from cab c1_0 where upper(c1_0.license_plate)=upper(?) fetch first ? rows only
Hibernate: insert into cab (driver_name,license_plate,luggage_capacity,status,total_seats,version,id) values (?,?,?,?,?,?,default)
Hibernate: select c1_0.id from cab c1_0 where upper(c1_0.license_plate)=upper(?) fetch first ? rows only
]]></system-out>
  </testcase>
  <testcase name="createBookingAssignsRideAndComputesPrice" classname="com.airportpooling.ridepooling.RidePoolingIntegrationTest" time="0.079">
    <system-out><![CDATA[Hibernate: select p1_0.id,p1_0.detour_tolerance,p1_0.email,p1_0.name from passenger p1_0 where p1_0.id=?
Hibernate: select r1_0.id,r1_0.cab_id,r1_0.status,r1_0.total_deviation,r1_0.total_distance from ride r1_0 where r1_0.status=?
Hibernate: select c1_0.id,c1_0.driver_name,c1_0.license_plate,c1_0.luggage_capacity,c1_0.status,c1_0.total_seats,c1_0.version from cab c1_0 where c1_0.status=?
Hibernate: insert into ride (cab_id,status,total_deviation,total_distance,id) values (?,?,?,?,default)
Hibernate: update cab set driver_name=?,license_plate=?,luggage_capacity=?,status=?,total_seats=?,version=? where id=? and version=?
Hibernate: select count(c1_0.id) from cab c1_0 where c1_0.status=?
Hibernate: select count(*) from cab c1_0
Hibernate: insert into booking (dest_lat,dest_lng,passenger_id,price,requested_luggage,requested_seats,ride_id,source_lat,source_lng,status,id) values (?,?,?,?,?,?,?,?,?,?,default)
Hibernate: update ride set cab_id=?,status=?,total_deviation=?,total_distance=? where id=?
]]></system-out>
  </testcase>
  <testcase name="nearbyBookingsPoolOntoSameRideWithDiscount" classname="com.airportpooling.ridepooling.RidePoolingIntegrationTest" time="0.031">
    <system-out><![CDATA[Hibernate: select p1_0.id,p1_0.detour_tolerance,p1_0.email,p1_0.name from passenger p1_0 where p1_0.id=?
Hibernate: select r1_0.id,r1_0.cab_id,r1_0.status,r1_0.total_deviation,r1_0.total_distance from ride r1_0 where r1_0.status=?
Hibernate: select c1_0.id,c1_0.driver_name,c1_0.license_plate,c1_0.luggage_capacity,c1_0.status,c1_0.total_seats,c1_0.version from cab c1_0 where c1_0.id=?
Hibernate: select b1_0.ride_id,b1_0.id,b1_0.dest_lat,b1_0.dest_lng,p1_0.id,p1_0.detour_tolerance,p1_0.email,p1_0.name,b1_0.price,b1_0.requested_luggage,b1_0.requested_seats,b1_0.source_lat,b1_0.source_lng,b1_0.status from booking b1_0 left join passenger p1_0 on p1_0.id=b1_0.passenger_id where b1_0.ride_id=?
Hibernate: select c1_0.id,c1_0.driver_name,c1_0.license_plate,c1_0.luggage_capacity,c1_0.status,c1_0.total_seats,c1_0.version from cab c1_0 where c1_0.status=?
Hibernate: insert into ride (cab_id,status,total_deviation,total_distance,id) values (?,?,?,?,default)
Hibernate: update cab set driver_name=?,license_plate=?,luggage_capacity=?,status=?,total_seats=?,version=? where id=? and version=?
Hibernate: select count(c1_0.id) from cab c1_0 where c1_0.status=?
Hibernate: select count(*) from cab c1_0
Hibernate: insert into booking (dest_lat,dest_lng,passenger_id,price,requested_luggage,requested_seats,ride_id,source_lat,source_lng,status,id) values (?,?,?,?,?,?,?,?,?,?,default)
Hibernate: update ride set cab_id=?,status=?,total_deviation=?,total_distance=? where id=?
Hibernate: select p1_0.id,p1_0.detour_tolerance,p1_0.email,p1_0.name from passenger p1_0 where p1_0.id=?
Hibernate: select r1_0.id,r1_0.cab_id,r1_0.status,r1_0.total_deviation,r1_0.total_distance from ride r1_0 where r1_0.status=?
Hibernate: select c1_0.id,c1_0.driver_name,c1_0.license_plate,c1_0.luggage_capacity,c1_0.status,c1_0.total_seats,c1_0.version from cab c1_0 where c1_0.id=?
Hibernate: select c1_0.id,c1_0.driver_name,c1_0.license_plate,c1_0.luggage_capacity,c1_0.status,c1_0.total_seats,c1_0.version from cab c1_0 where c1_0.id=?
Hibernate: select b1_0.ride_id,b1_0.id,b1_0.dest_lat,b1_0.dest_lng,p1_0.id,p1_0.detour_tolerance,p1_0.email,p1_0.name,b1_0.price,b1_0.requested_luggage,b1_0.requested_seats,b1_0.source_lat,b1_0.source_lng,b1_0.status from booking b1_0 left join passenger p1_0 on p1_0.id=b1_0.passenger_id where b1_0.ride_id=?
Hibernate: select b1_0.ride_id,b1_0.id,b1_0.dest_lat,b1_0.dest_lng,p1_0.id,p1_0.detour_tolerance,p1_0.email,p1_0.name,b1_0.price,b1_0.requested_luggage,b1_0.requested_seats,b1_0.source_lat,b1_0.source_lng,b1_0.status from booking b1_0 left join passenger p1_0 on p1_0.id=b1_0.passenger_id where b1_0.ride_id=?
Hibernate: select count(c1_0.id) from cab c1_0 where c1_0.status=?
Hibernate: select count(*) from cab c1_0
Hibernate: insert into booking (dest_lat,dest_lng,passenger_id,price,requested_luggage,requested_seats,ride_id,source_lat,source_lng,status,id) values (?,?,?,?,?,?,?,?,?,?,default)
Hibernate: update ride set cab_id=?,status=?,total_deviation=?,total_distance=? where id=?
]]></system-out>
  </testcase>
  <testcase name="bookingValidationErrors" classname="com.airportpooling.ridepooling.RidePoolingIntegrationTest" time="0.004">
    <system-out><![CDATA[Hibernate: select p1_0.id,p1_0.detour_tolerance,p1_0.email,p1_0.name from passenger p1_0 where p1_0.id=?
]]></system-out>
  </testcase>
  <testcase name="cancellationFreesCapacityForReuse" classname="com.airportpooling.ridepooling.RidePoolingIntegrationTest" time="0.031">
    <system-out><![CDATA[Hibernate: select c1_0.id from cab c1_0 where upper(c1_0.license_plate)=upper(?) fetch first ? rows only
Hibernate: insert into cab (driver_name,license_plate,luggage_capacity,status,total_seats,version,id) values (?,?,?,?,?,?,default)
Hibernate: select p1_0.id,p1_0.detour_tolerance,p1_0.email,p1_0.name from passenger p1_0 where p1_0.id=?
Hibernate: select r1_0.id,r1_0.cab_id,r1_0.status,r1_0.total_deviation,r1_0.total_distance from ride r1_0 where r1_0.status=?
Hibernate: select c1_0.id,c1_0.driver_name,c1_0.license_plate,c1_0.luggage_capacity,c1_0.status,c1_0.total_seats,c1_0.version from cab c1_0 where c1_0.id=?
Hibernate: select c1_0.id,c1_0.driver_name,c1_0.license_plate,c1_0.luggage_capacity,c1_0.status,c1_0.total_seats,c1_0.version from cab c1_0 where c1_0.id=?
Hibernate: select b1_0.ride_id,b1_0.id,b1_0.dest_lat,b1_0.dest_lng,p1_0.id,p1_0.detour_tolerance,p1_0.email,p1_0.name,b1_0.price,b1_0.requested_luggage,b1_0.requested_seats,b1_0.source_lat,b1_0.source_lng,b1_0.status from booking b1_0 left join passenger p1_0 on p1_0.id=b1_0.passenger_id where b1_0.ride_id=?
Hibernate: select b1_0.ride_id,b1_0.id,b1_0.dest_lat,b1_0.dest_lng,p1_0.id,p1_0.detour_tolerance,p1_0.email,p1_0.name,b1_0.price,b1_0.requested_luggage,b1_0.requested_seats,b1_0.source_lat,b1_0.source_lng,b1_0.status from booking b1_0 left join passenger p1_0 on p1_0.id=b1_0.passenger_id where b1_0.ride_id=?
Hibernate: select c1_0.id,c1_0.driver_name,c1_0.license_plate,c1_0.luggage_capacity,c1_0.status,c1_0.total_seats,c1_0.version from cab c1_0 where c1_0.status=?
Hibernate: insert into ride (cab_id,status,total_deviation,total_distance,id) values (?,?,?,?,default)
Hibernate: update cab set driver_name=?,license_plate=?,luggage_capacity=?,status=?,total_seats=?,version=? where id=? and version=?
Hibernate: select count(c1_0.id) from cab c1_0 where c1_0.status=?
Hibernate: select count(*) from cab c1_0
Hibernate: insert into booking (dest_lat,dest_lng,passenger_id,price,requested_luggage,requested_seats,ride_id,source_lat,source_lng,status,id) values (?,?,?,?,?,?,?,?,?,?,default)
Hibernate: update ride set cab_id=?,status=?,total_deviation=?,total_distance=? where id=?
Hibernate: select p1_0.id,p1_0.detour_tolerance,p1_0.email,p1_0.name from passenger p1_0 where p1_0.id=?
Hibernate: select r1_0.id,r1_0.cab_id,r1_0.status,r1_0.total_deviation,r1_0.total_distance from ride r1_0 where r1_0.status=?
Hibernate: select c1_0.id,c1_0.driver_name,c1_0.license_plate,c1_0.luggage_capacity,c1_0.status,c1_0.total_seats,c1_0.version from cab c1_0 where c1_0.id=?
Hibernate: select c1_0.id,c1_0.driver_name,c1_0.license_plate,c1_0.luggage_capacity,c1_0.status,c1_0.total_seats,c1_0.version from cab c1_0 where c1_0.id=?
Hibernate: select c1_0.id,c1_0.driver_name,c1_0.license_plate,c1_0.luggage_capacity,c1_0.status,c1_0.total_seats,c1_0.version from cab c1_0 where c1_0.id=?
Hibernate: select b1_0.ride_id,b1_0.id,b1_0.dest_lat,b1_0.dest_lng,p1_0.id,p1_0.detour_tolerance,p1_0.email,p1_0.name,b1_0.price,b1_0.requested_luggage,b1_0.requested_seats,b1_0.source_lat,b1_0.source_lng,b1_0.status from booking b1_0 left join passenger p1_0 on p1_0.id=b1_0.passenger_id where b1_0.ride_id=?
Hibernate: select b1_0.ride_id,b1_0.id,b1_0.dest_lat,b1_0.dest_lng,p1_0.id,p1_0.detour_tolerance,p1_0.email,p1_0.name,b1_0.price,b1_0.requested_luggage,b1_0.requested_seats,b1_0.source_lat,b1_0.source_lng,b1_0.status from booking b1_0 left join passenger p1_0 on p1_0.id=b1_0.passenger_id where b1_0.ride_id=?
Hibernate: select b1_0.ride_id,b1_0.id,b1_0.dest_lat,b1_0.dest_lng,p1_0.id,p1_0.detour_tolerance,p1_0.email,p1_0.name,b1_0.price,b1_0.requested_luggage,b1_0.requested_seats,b1_0.source_lat,b1_0.source_lng,b1_0.status from booking b1_0 left join passenger p1_0 on p1_0.id=b1_0.passenger_id where b1_0.ride_id=?
Hibernate: select c1_0.id,c1_0.driver_name,c1_0.license_plate,c1_0.luggage_capacity,c1_0.status,c1_0.total_seats,c1_0.version from cab c1_0 where c1_0.status=?
Hibernate: insert into ride (cab_id,status,total_deviation,total_distance,id) values (?,?,?,?,default)
Hibernate: update cab set driver_name=?,license_plate=?,luggage_capacity=?,status=?,total_seats=?,version=? where id=? and version=?
Hibernate: select count(c1_0.id) from cab c1_0 where c1_0.status=?
Hibernate: select count(*) from cab c1_0
Hibernate: insert into booking (dest_lat,dest_lng,passenger_id,price,requested_luggage,requested_seats,ride_id,source_lat,source_lng,status,id) values (?,?,?,?,?,?,?,?,?,?,default)
Hibernate: update ride set cab_id=?,status=?,total_deviation=?,total_distance=? where id=?
Hibernate: select p1_0.id,p1_0.detour_tolerance,p1_0.email,p1_0.name from passenger p1_0 where p1_0.id=?
Hibernate: select r1_0.id,r1_0.cab_id,r1_0.status,r1_0.total_deviation,r1_0.total_distance from ride r1_0 where r1_0.status=?
Hibernate: select c1_0.id,c1_0.driver_name,c1_0.license_plate,c1_0.luggage_capacity,c1_0.status,c1_0.total_seats,c1_0.version from cab c1_0 where c1_0.id=?
Hibernate: select c1_0.id,c1_0.driver_name,c1_0.license_plate,c1_0.luggage_capacity,c1_0.status,c1_0.total_seats,c1_0.version from cab c1_0 where c1_0.id=?
Hibernate: select c1_0.id,c1_0.driver_name,c1_0.license_plate,c1_0.luggage_capacity,c1_0.status,c1_0.total_seats,c1_0.version from cab c1_0 where c1_0.id=?
Hibernate: select c1_0.id,c1_0.driver_name,c1_0.license_plate,c1_0.luggage_capacity,c1_0.status,c1_0.total_seats,c1_0.version from cab c1_0 where c1_0.id=?
Hibernate: select b1_0.ride_id,b1_0.id,b1_0.dest_lat,b1_0.dest_lng,p1_0.id,p1_0.detour_tolerance,p1_0.email,p1_0.name,b1_0.price,b1_0.requested_luggage,b1_0.requested_seats,b1_0.source_lat,b1_0.source_lng,b1_0.status from booking b1_0 left join passenger p1_0 on p1_0.id=b1_0.passenger_id where b1_0.ride_id=?
Hibernate: select b1_0.ride_id,b1_0.id,b1_0.dest_lat,b1_0.dest_lng,p1_0.id,p1_0.detour_tolerance,p1_0.email,p1_0.name,b1_0.price,b1_0.requested_luggage,b1_0.requested_seats,b1_0.source_lat,b1_0.source_lng,b1_0.status from booking b1_0 left join passenger p1_0 on p1_0.id=b1_0.passenger_id where b1_0.ride_id=?
Hibernate: select b1_0.ride_id,b1_0.id,b1_0.dest_lat,b1_0.dest_lng,p1_0.id,p1_0.detour_tolerance,p1_0.email,p1_0.name,b1_0.price,b1_0.requested_luggage,b1_0.requested_seats,b1_0.source_lat,b1_0.source_lng,b1_0.status from booking b1_0 left join passenger p1_0 on p1_0.id=b1_0.passenger_id where b1_0.ride_id=?
Hibernate: select b1_0.ride_id,b1_0.id,b1_0.dest_lat,b1_0.dest_lng,p1_0.id,p1_0.detour_tolerance,p1_0.email,p1_0.name,b1_0.price,b1_0.requested_luggage,b1_0.requested_seats,b1_0.source_lat,b1_0.source_lng,b1_0.status from booking b1_0 left join passenger p1_0 on p1_0.id=b1_0.passenger_id where b1_0.ride_id=?
Hibernate: select count(c1_0.id) from cab c1_0 where c1_0.status=?
Hibernate: select count(*) from cab c1_0
Hibernate: insert into booking (dest_lat,dest_lng,passenger_id,price,requested_luggage,requested_seats,ride_id,source_lat,source_lng,status,id) values (?,?,?,?,?,?,?,?,?,?,default)
Hibernate: update ride set cab_id=?,status=?,total_deviation=?,total_distance=? where id=?
Hibernate: select b1_0.id,b1_0.dest_lat,b1_0.dest_lng,p1_0.id,p1_0.detour_tolerance,p1_0.email,p1_0.name,b1_0.price,b1_0.requested_luggage,b1_0.requested_seats,r1_0.id,c1_0.id,c1_0.driver_name,c1_0.license_plate,c1_0.luggage_capacity,c1_0.status,c1_0.total_seats,c1_0.version,r1_0.status,r1_0.total_deviation,r1_0.total_distance,b1_0.source_lat,b1_0.source_lng,b1_0.status from booking b1_0 left join passenger p1_0 on p1_0.id=b1_0.passenger_id left join ride r1_0 on r1_0.id=b1_0.ride_id left join cab c1_0 on c1_0.id=r1_0.cab_id where b1_0.id=?
Hibernate: select b1_0.ride_id,b1_0.id,b1_0.dest_lat,b1_0.dest_lng,p1_0.id,p1_0.detour_tolerance,p1_0.email,p1_0.name,b1_0.price,b1_0.requested_luggage,b1_0.requested_seats,b1_0.source_lat,b1_0.source_lng,b1_0.status from booking b1_0 left join passenger p1_0 on p1_0.id=b1_0.passenger_id where b1_0.ride_id=?
Hibernate: update booking set dest_lat=?,dest_lng=?,passenger_id=?,price=?,requested_luggage=?,requested_seats=?,ride_id=?,source_lat=?,source_lng=?,status=? where id=?
Hibernate: select p1_0.id,p1_0.detour_tolerance,p1_0.email,p1_0.name from passenger p1_0 where p1_0.id=?
Hibernate: select r1_0.id,r1_0.cab_id,r1_0.status,r1_0.total_deviation,r1_0.total_distance from ride r1_0 where r1_0.status=?
Hibernate: select c1_0.id,c1_0.driver_name,c1_0.license_plate,c1_0.luggage_capacity,c1_0.status,c1_0.total_seats,c1_0.version from cab c1_0 where c1_0.id=?
Hibernate: select c1_0.id,c1_0.driver_name,c1_0.license_plate,c1_0.luggage_capacity,c1_0.status,c1_0.total_seats,c1_0.version from cab c1_0 where c1_0.id=?
Hibernate: select c1_0.id,c1_0.driver_name,c1_0.license_plate,c1_0.luggage_capacity,c1_0.status,c1_0.total_seats,c1_0.version from cab c1_0 where c1_0.id=?
Hibernate: select c1_0.id,c1_0.driver_name,c1_0.license_plate,c1_0.luggage_capacity,c1_0.status,c1_0.total_seats,c1_0.version from cab c1_0 where c1_0.id=?
Hibernate: select b1_0.ride_id,b1_0.id,b1_0.dest_lat,b1_0.dest_lng,p1_0.id,p1_0.detour_tolerance,p1_0.email,p1_0.name,b1_0.price,b1_0.requested_luggage,b1_0.requested_seats,b1_0.source_lat,b1_0.source_lng,b1_0.status from booking b1_0 left join passenger p1_0 on p1_0.id=b1_0.passenger_id where b1_0.ride_id=?
Hibernate: select b1_0.ride_id,b1_0.id,b1_0.dest_lat,b1_0.dest_lng,p1_0.id,p1_0.detour_tolerance,p1_0.email,p1_0.name,b1_0.price,b1_0.requested_luggage,b1_0.requested_seats,b1_0.source_lat,b1_0.source_lng,b1_0.status from booking b1_0 left join passenger p1_0 on p1_0.id=b1_0.passenger_id where b1_0.ride_id=?
Hibernate: select b1_0.ride_id,b1_0.id,b1_0.dest_lat,b1_0.dest_lng,p1_0.id,p1_0.detour_tolerance,p1_0.email,p1_0.name,b1_0.price,b1_0.requested_luggage,b1_0.requested_seats,b1_0.source_lat,b1_0.source_lng,b1_0.status from booking b1_0 left join passenger p1_0 on p1_0.id=b1_0.passenger_id where b1_0.ride_id=?
Hibernate: select b1_0.ride_id,b1_0.id,b1_0.dest_lat,b1_0.dest_lng,p1_0.id,p1_0.detour_tolerance,p1_0.email,p1_0.name,b1_0.price,b1_0.requested_luggage,b1_0.requested_seats,b1_0.source_lat,b1_0.source_lng,b1_0.status from booking b1_0 left join passenger p1_0 on p1_0.id=b1_0.passenger_id where b1_0.ride_id=?
Hibernate: select count(c1_0.id) from cab c1_0 where c1_0.status=?
Hibernate: select count(*) from cab c1_0
Hibernate: insert into booking (dest_lat,dest_lng,passenger_id,price,requested_luggage,requested_seats,ride_id,source_lat,source_lng,status,id) values (?,?,?,?,?,?,?,?,?,?,default)
Hibernate: update ride set cab_id=?,status=?,total_deviation=?,total_distance=? where id=?
]]></system-out>
  </testcase>
  <testcase name="fullCancellationReleasesCab" classname="com.airportpooling.ridepooling.RidePoolingIntegrationTest" time="0.015">
    <system-out><![CDATA[Hibernate: select b1_0.id,b1_0.dest_lat,b1_0.dest_lng,b1_0.passenger_id,b1_0.price,b1_0.requested_luggage,b1_0.requested_seats,b1_0.ride_id,b1_0.source_lat,b1_0.source_lng,b1_0.status from booking b1_0
Hibernate: select p1_0.id,p1_0.detour_tolerance,p1_0.email,p1_0.name from passenger p1_0 where p1_0.id=?
Hibernate: select r1_0.id,c1_0.id,c1_0.driver_name,c1_0.license_plate,c1_0.luggage_capacity,c1_0.status,c1_0.total_seats,c1_0.version,r1_0.status,r1_0.total_deviation,r1_0.total_distance from ride r1_0 left join cab c1_0 on c1_0.id=r1_0.cab_id where r1_0.id=?
Hibernate: select p1_0.id,p1_0.detour_tolerance,p1_0.email,p1_0.name from passenger p1_0 where p1_0.id=?
Hibernate: select r1_0.id,c1_0.id,c1_0.driver_name,c1_0.license_plate,c1_0.luggage_capacity,c1_0.status,c1_0.total_seats,c1_0.version,r1_0.status,r1_0.total_deviation,r1_0.total_distance from ride r1_0 left join cab c1_0 on c1_0.id=r1_0.cab_id where r1_0.id=?
Hibernate: select r1_0.id,c1_0.id,c1_0.driver_name,c1_0.license_plate,c1_0.luggage_capacity,c1_0.status,c1_0.total_seats,c1_0.version,r1_0.status,r1_0.total_deviation,r1_0.total_distance from ride r1_0 left join cab c1_0 on c1_0.id=r1_0.cab_id where r1_0.id=?
Hibernate: select r1_0.id,c1_0.id,c1_0.driver_name,c1_0.license_plate,c1_0.luggage_capacity,c1_0.status,c1_0.total_seats,c1_0.version,r1_0.status,r1_0.total_deviation,r1_0.total_distance from ride r1_0 left join cab c1_0 on c1_0.id=r1_0.cab_id where r1_0.id=?
Hibernate: select r1_0.id,r1_0.cab_id,r1_0.status,r1_0.total_deviation,r1_0.total_distance from ride r1_0
Hibernate: select c1_0.id,c1_0.driver_name,c1_0.license_plate,c1_0.luggage_capacity,c1_0.status,c1_0.total_seats,c1_0.version from cab c1_0 where c1_0.id=?
Hibernate: select c1_0.id,c1_0.driver_name,c1_0.license_plate,c1_0.luggage_capacity,c1_0.status,c1_0.total_seats,c1_0.version from cab c1_0 where c1_0.id=?
Hibernate: select c1_0.id,c1_0.driver_name,c1_0.license_plate,c1_0.luggage_capacity,c1_0.status,c1_0.total_seats,c1_0.version from cab c1_0 where c1_0.id=?
Hibernate: select c1_0.id,c1_0.driver_name,c1_0.license_plate,c1_0.luggage_capacity,c1_0.status,c1_0.total_seats,c1_0.version from cab c1_0 where c1_0.id=?
Hibernate: select b1_0.ride_id,b1_0.id,b1_0.dest_lat,b1_0.dest_lng,p1_0.id,p1_0.detour_tolerance,p1_0.email,p1_0.name,b1_0.price,b1_0.requested_luggage,b1_0.requested_seats,b1_0.source_lat,b1_0.source_lng,b1_0.status from booking b1_0 left join passenger p1_0 on p1_0.id=b1_0.passenger_id where b1_0.ride_id=?
Hibernate: select b1_0.ride_id,b1_0.id,b1_0.dest_lat,b1_0.dest_lng,p1_0.id,p1_0.detour_tolerance,p1_0.email,p1_0.name,b1_0.price,b1_0.requested_luggage,b1_0.requested_seats,b1_0.source_lat,b1_0.source_lng,b1_0.status from booking b1_0 left join passenger p1_0 on p1_0.id=b1_0.passenger_id where b1_0.ride_id=?
Hibernate: select b1_0.ride_id,b1_0.id,b1_0.dest_lat,b1_0.dest_lng,p1_0.id,p1_0.detour_tolerance,p1_0.email,p1_0.name,b1_0.price,b1_0.requested_luggage,b1_0.requested_seats,b1_0.source_lat,b1_0.source_lng,b1_0.status from booking b1_0 left join passenger p1_0 on p1_0.id=b1_0.passenger_id where b1_0.ride_id=?
Hibernate: select b1_0.ride_id,b1_0.id,b1_0.dest_lat,b1_0.dest_lng,p1_0.id,p1_0.detour_tolerance,p1_0.email,p1_0.name,b1_0.price,b1_0.requested_luggage,b1_0.requested_seats,b1_0.source_lat,b1_0.source_lng,b1_0.status from booking b1_0 left join passenger p1_0 on p1_0.id=b1_0.passenger_id where b1_0.ride_id=?
Hibernate: select b1_0.id,b1_0.dest_lat,b1_0.dest_lng,p1_0.id,p1_0.detour_tolerance,p1_0.email,p1_0.name,b1_0.price,b1_0.requested_luggage,b1_0.requested_seats,r1_0.id,c1_0.id,c1_0.driver_name,c1_0.license_plate,c1_0.luggage_capacity,c1_0.status,c1_0.total_seats,c1_0.version,r1_0.status,r1_0.total_deviation,r1_0.total_distance,b1_0.source_lat,b1_0.source_lng,b1_0.status from booking b1_0 left join passenger p1_0 on p1_0.id=b1_0.passenger_id left join ride r1_0 on r1_0.id=b1_0.ride_id left join cab c1_0 on c1_0.id=r1_0.cab_id where b1_0.id=?
Hibernate: select b1_0.ride_id,b1_0.id,b1_0.dest_lat,b1_0.dest_lng,p1_0.id,p1_0.detour_tolerance,p1_0.email,p1_0.name,b1_0.price,b1_0.requested_luggage,b1_0.requested_seats,b1_0.source_lat,b1_0.source_lng,b1_0.status from booking b1_0 left join passenger p1_0 on p1_0.id=b1_0.passenger_id where b1_0.ride_id=?
Hibernate: update booking set dest_lat=?,dest_lng=?,passenger_id=?,price=?,requested_luggage=?,requested_seats=?,ride_id=?,source_lat=?,source_lng=?,status=? where id=?
Hibernate: select b1_0.id,b1_0.dest_lat,b1_0.dest_lng,p1_0.id,p1_0.detour_tolerance,p1_0.email,p1_0.name,b1_0.price,b1_0.requested_luggage,b1_0.requested_seats,r1_0.id,c1_0.id,c1_0.driver_name,c1_0.license_plate,c1_0.luggage_capacity,c1_0.status,c1_0.total_seats,c1_0.version,r1_0.status,r1_0.total_deviation,r1_0.total_distance,b1_0.source_lat,b1_0.source_lng,b1_0.status from booking b1_0 left join passenger p1_0 on p1_0.id=b1_0.passenger_id left join ride r1_0 on r1_0.id=b1_0.ride_id left join cab c1_0 on c1_0.id=r1_0.cab_id where b1_0.id=?
Hibernate: select b1_0.ride_id,b1_0.id,b1_0.dest_lat,b1_0.dest_lng,p1_0.id,p1_0.detour_tolerance,p1_0.email,p1_0.name,b1_0.price,b1_0.requested_luggage,b1_0.requested_seats,b1_0.source_lat,b1_0.source_lng,b1_0.status from booking b1_0 left join passenger p1_0 on p1_0.id=b1_0.passenger_id where b1_0.ride_id=?
Hibernate: update cab set driver_name=?,license_plate=?,luggage_capacity=?,status=?,total_seats=?,version=? where id=? and version=?
Hibernate: update ride set cab_id=?,status=?,total_deviation=?,total_distance=? where id=?
Hibernate: update booking set dest_lat=?,dest_lng=?,passenger_id=?,price=?,requested_luggage=?,requested_seats=?,ride_id=?,source_lat=?,source_lng=?,status=? where id=?
Hibernate: select c1_0.id,c1_0.driver_name,c1_0.license_plate,c1_0.luggage_capacity,c1_0.status,c1_0.total_seats,c1_0.version from cab c1_0
]]></system-out>
  </testcase>
  <testcase name="getAllBookingsReturnsRecursionFreeJson" classname="com.airportpooling.ridepooling.RidePoolingIntegrationTest" time="0.004">
    <system-out><![CDATA[Hibernate: select b1_0.id,b1_0.dest_lat,b1_0.dest_lng,b1_0.passenger_id,b1_0.price,b1_0.requested_luggage,b1_0.requested_seats,b1_0.ride_id,b1_0.source_lat,b1_0.source_lng,b1_0.status from booking b1_0
Hibernate: select p1_0.id,p1_0.detour_tolerance,p1_0.email,p1_0.name from passenger p1_0 where p1_0.id=?
Hibernate: select r1_0.id,c1_0.id,c1_0.driver_name,c1_0.license_plate,c1_0.luggage_capacity,c1_0.status,c1_0.total_seats,c1_0.version,r1_0.status,r1_0.total_deviation,r1_0.total_distance from ride r1_0 left join cab c1_0 on c1_0.id=r1_0.cab_id where r1_0.id=?
Hibernate: select p1_0.id,p1_0.detour_tolerance,p1_0.email,p1_0.name from passenger p1_0 where p1_0.id=?
Hibernate: select r1_0.id,c1_0.id,c1_0.driver_name,c1_0.license_plate,c1_0.luggage_capacity,c1_0.status,c1_0.total_seats,c1_0.version,r1_0.status,r1_0.total_deviation,r1_0.total_distance from ride r1_0 left join cab c1_0 on c1_0.id=r1_0.cab_id where r1_0.id=?
Hibernate: select r1_0.id,c1_0.id,c1_0.driver_name,c1_0.license_plate,c1_0.luggage_capacity,c1_0.status,c1_0.total_seats,c1_0.version,r1_0.status,r1_0.total_deviation,r1_0.total_distance from ride r1_0 left join cab c1_0 on c1_0.id=r1_0.cab_id where r1_0.id=?
Hibernate: select r1_0.id,c1_0.id,c1_0.driver_name,c1_0.license_plate,c1_0.luggage_capacity,c1_0.status,c1_0.total_seats,c1_0.version,r1_0.status,r1_0.total_deviation,r1_0.total_distance from ride r1_0 left join cab c1_0 on c1_0.id=r1_0.cab_id where r1_0.id=?
]]></system-out>
  </testcase>
  <testcase name="getAllRidesReturnsRecursionFreeJson" classname="com.airportpooling.ridepooling.RidePoolingIntegrationTest" time="0.005">
    <system-out><![CDATA[Hibernate: select r1_0.id,r1_0.cab_id,r1_0.status,r1_0.total_deviation,r1_0.total_distance from ride r1_0
Hibernate: select c1_0.id,c1_0.driver_name,c1_0.license_plate,c1_0.luggage_capacity,c1_0.status,c1_0.total_seats,c1_0.version from cab c1_0 where c1_0.id=?
Hibernate: select c1_0.id,c1_0.driver_name,c1_0.license_plate,c1_0.luggage_capacity,c1_0.status,c1_0.total_seats,c1_0.version from cab c1_0 where c1_0.id=?
Hibernate: select c1_0.id,c1_0.driver_name,c1_0.license_plate,c1_0.luggage_capacity,c1_0.status,c1_0.total_seats,c1_0.version from cab c1_0 where c1_0.id=?
Hibernate: select c1_0.id,c1_0.driver_name,c1_0.license_plate,c1_0.luggage_capacity,c1_0.status,c1_0.total_seats,c1_0.version from cab c1_0 where c1_0.id=?
Hibernate: select b1_0.ride_id,b1_0.id,b1_0.dest_lat,b1_0.dest_lng,p1_0.id,p1_0.detour_tolerance,p1_0.email,p1_0.name,b1_0.price,b1_0.requested_luggage,b1_0.requested_seats,b1_0.source_lat,b1_0.source_lng,b1_0.status from booking b1_0 left join passenger p1_0 on p1_0.id=b1_0.passenger_id where b1_0.ride_id=?
Hibernate: select b1_0.ride_id,b1_0.id,b1_0.dest_lat,b1_0.dest_lng,p1_0.id,p1_0.detour_tolerance,p1_0.email,p1_0.name,b1_0.price,b1_0.requested_luggage,b1_0.requested_seats,b1_0.source_lat,b1_0.source_lng,b1_0.status from booking b1_0 left join passenger p1_0 on p1_0.id=b1_0.passenger_id where b1_0.ride_id=?
Hibernate: select b1_0.ride_id,b1_0.id,b1_0.dest_lat,b1_0.dest_lng,p1_0.id,p1_0.detour_tolerance,p1_0.email,p1_0.name,b1_0.price,b1_0.requested_luggage,b1_0.requested_seats,b1_0.source_lat,b1_0.source_lng,b1_0.status from booking b1_0 left join passenger p1_0 on p1_0.id=b1_0.passenger_id where b1_0.ride_id=?
Hibernate: select b1_0.ride_id,b1_0.id,b1_0.dest_lat,b1_0.dest_lng,p1_0.id,p1_0.detour_tolerance,p1_0.email,p1_0.name,b1_0.price,b1_0.requested_luggage,b1_0.requested_seats,b1_0.source_lat,b1_0.source_lng,b1_0.status from booking b1_0 left join passenger p1_0 on p1_0.id=b1_0.passenger_id where b1_0.ride_id=?
]]></system-out>
  </testcase>
  <testcase name="unknownResourceIdsReturn404" classname="com.airportpooling.ridepooling.RidePoolingIntegrationTest" time="0.005">
    <system-out><![CDATA[Hibernate: select r1_0.id,c1_0.id,c1_0.driver_name,c1_0.license_plate,c1_0.luggage_capacity,c1_0.status,c1_0.total_seats,c1_0.version,r1_0.status,r1_0.total_deviation,r1_0.total_distance from ride r1_0 left join cab c1_0 on c1_0.id=r1_0.cab_id where r1_0.id=?
Hibernate: select b1_0.id,b1_0.dest_lat,b1_0.dest_lng,p1_0.id,p1_0.detour_tolerance,p1_0.email,p1_0.name,b1_0.price,b1_0.requested_luggage,b1_0.requested_seats,r1_0.id,c1_0.id,c1_0.driver_name,c1_0.license_plate,c1_0.luggage_capacity,c1_0.status,c1_0.total_seats,c1_0.version,r1_0.status,r1_0.total_deviation,r1_0.total_distance,b1_0.source_lat,b1_0.source_lng,b1_0.status from booking b1_0 left join passenger p1_0 on p1_0.id=b1_0.passenger_id left join ride r1_0 on r1_0.id=b1_0.ride_id left join cab c1_0 on c1_0.id=r1_0.cab_id where b1_0.id=?
]]></system-out>
  </testcase>
  <testcase name="unmatchedBookingFallsBackToNewRide" classname="com.airportpooling.ridepooling.RidePoolingIntegrationTest" time="0.007">
    <system-out><![CDATA[Hibernate: select p1_0.id,p1_0.detour_tolerance,p1_0.email,p1_0.name from passenger p1_0 where p1_0.id=?
Hibernate: select r1_0.id,r1_0.cab_id,r1_0.status,r1_0.total_deviation,r1_0.total_distance from ride r1_0 where r1_0.status=?
Hibernate: select c1_0.id,c1_0.driver_name,c1_0.license_plate,c1_0.luggage_capacity,c1_0.status,c1_0.total_seats,c1_0.version from cab c1_0 where c1_0.id=?
Hibernate: select c1_0.id,c1_0.driver_name,c1_0.license_plate,c1_0.luggage_capacity,c1_0.status,c1_0.total_seats,c1_0.version from cab c1_0 where c1_0.id=?
Hibernate: select c1_0.id,c1_0.driver_name,c1_0.license_plate,c1_0.luggage_capacity,c1_0.status,c1_0.total_seats,c1_0.version from cab c1_0 where c1_0.id=?
Hibernate: select b1_0.ride_id,b1_0.id,b1_0.dest_lat,b1_0.dest_lng,p1_0.id,p1_0.detour_tolerance,p1_0.email,p1_0.name,b1_0.price,b1_0.requested_luggage,b1_0.requested_seats,b1_0.source_lat,b1_0.source_lng,b1_0.status from booking b1_0 left join passenger p1_0 on p1_0.id=b1_0.passenger_id where b1_0.ride_id=?
Hibernate: select b1_0.ride_id,b1_0.id,b1_0.dest_lat,b1_0.dest_lng,p1_0.id,p1_0.detour_tolerance,p1_0.email,p1_0.name,b1_0.price,b1_0.requested_luggage,b1_0.requested_seats,b1_0.source_lat,b1_0.source_lng,b1_0.status from booking b1_0 left join passenger p1_0 on p1_0.id=b1_0.passenger_id where b1_0.ride_id=?
Hibernate: select b1_0.ride_id,b1_0.id,b1_0.dest_lat,b1_0.dest_lng,p1_0.id,p1_0.detour_tolerance,p1_0.email,p1_0.name,b1_0.price,b1_0.requested_luggage,b1_0.requested_seats,b1_0.source_lat,b1_0.source_lng,b1_0.status from booking b1_0 left join passenger p1_0 on p1_0.id=b1_0.passenger_id where b1_0.ride_id=?
Hibernate: select c1_0.id,c1_0.driver_name,c1_0.license_plate,c1_0.luggage_capacity,c1_0.status,c1_0.total_seats,c1_0.version from cab c1_0 where c1_0.status=?
Hibernate: insert into ride (cab_id,status,total_deviation,total_distance,id) values (?,?,?,?,default)
Hibernate: update cab set driver_name=?,license_plate=?,luggage_capacity=?,status=?,total_seats=?,version=? where id=? and version=?
Hibernate: select count(c1_0.id) from cab c1_0 where c1_0.status=?
Hibernate: select count(*) from cab c1_0
Hibernate: insert into booking (dest_lat,dest_lng,passenger_id,price,requested_luggage,requested_seats,ride_id,source_lat,source_lng,status,id) values (?,?,?,?,?,?,?,?,?,?,default)
Hibernate: update ride set cab_id=?,status=?,total_deviation=?,total_distance=? where id=?
]]></system-out>
  </testcase>
  <testcase name="openApiDocsAreExposed" classname="com.airportpooling.ridepooling.RidePoolingIntegrationTest" time="0.081">
    <system-out><![CDATA[2026-08-24T05:32:18.392+05:30  INFO 4788 --- [ride-pooling] [           main] o.springdoc.api.AbstractOpenApiResource  : Init duration for springdoc-openapi is: 69 ms
]]></system-out>
  </testcase>
</testsuite>